Arguments: 
  C:\programming\projects\springMavenAngular5\tester\frontend\node\node.exe C:\programming\projects\springMavenAngular5\tester\frontend\node\yarn\dist\bin\yarn.js install

PATH: 
  C:\programming\projects\springMavenAngular5\tester\frontend\node;C:\programming\projects\springMavenAngular5\tester\frontend\node\yarn\dist\bin;C:\Program Files (x86)\Intel\iCLS Client\;C:\Program Files\Intel\iCLS Client\;C:\Windows\system32;C:\Windows;C:\Windows\System32\Wbem;C:\Windows\System32\WindowsPowerShell\v1.0\;C:\Program Files\Java\jdk1.8.0_111\bin;C:\appz\apache-maven-3.3.9\bin;C:\Program Files\TortoiseSVN\bin;C:\Program Files (x86)\QuickTime Alternative\QTSystem;C:\Program Files (x86)\Android\android-sdk\platform-tools;C:\Program Files (x86)\Inno Setup 5;C:\Program Files (x86)\WiX Toolset v3.7\bin;C:\appz\mysql-5.7.19-winx64\bin;C:\Program Files\Intel\Intel(R) Management Engine Components\DAL;C:\Program Files\Intel\Intel(R) Management Engine Components\IPT;C:\Program Files (x86)\Intel\Intel(R) Management Engine Components\DAL;C:\Program Files (x86)\Intel\Intel(R) Management Engine Components\IPT;C:\Program Files (x86)\Git\cmd;C:\Program Files (x86)\NVIDIA Corporation\PhysX\Common;C:\Program Files\nodejs\;C:\Windows\twain_32\CNQL60;D:\NodeJS-Stuff\nvm;C:\Program Files\nodejs;C:\Users\Thomas\AppData\Roaming\npm;D:\NodeJS-Stuff\nvm;

Yarn version: 
  1.3.2

Node version: 
  8.9.0

Platform: 
  win32 x64

npm manifest: 
  {
    "name": "tester",
    "version": "0.0.0",
    "license": "MIT",
    "scripts": {
      "ng": "ng",
      "start": "ng serve",
  //    "build": "ng build --prod",
      "build": "ng build -prod –output-path dist/META-INF/resources",
      "test": "ng test",
      "lint": "ng lint",
      "e2e": "ng e2e"
    },
    "private": true,
    "dependencies": {
      "@angular/animations": "^5.0.0",
      "@angular/common": "^5.0.0",
      "@angular/compiler": "^5.0.0",
      "@angular/core": "^5.0.0",
      "@angular/forms": "^5.0.0",
      "@angular/http": "^5.0.0",
      "@angular/platform-browser": "^5.0.0",
      "@angular/platform-browser-dynamic": "^5.0.0",
      "@angular/router": "^5.0.0",
      "core-js": "^2.4.1",
      "rxjs": "^5.5.2",
      "zone.js": "^0.8.14"
    },
    "devDependencies": {
      "@angular/cli": "1.6.3",
      "@angular/compiler-cli": "^5.0.0",
      "@angular/language-service": "^5.0.0",
      "@types/jasmine": "~2.5.53",
      "@types/jasminewd2": "~2.0.2",
      "@types/node": "~6.0.60",
      "codelyzer": "^4.0.1",
      "jasmine-core": "~2.6.2",
      "jasmine-spec-reporter": "~4.1.0",
      "karma": "~1.7.0",
      "karma-chrome-launcher": "~2.1.1",
      "karma-cli": "~1.0.1",
      "karma-coverage-istanbul-reporter": "^1.2.1",
      "karma-jasmine": "~1.1.0",
      "karma-jasmine-html-reporter": "^0.2.2",
      "protractor": "~5.1.2",
      "ts-node": "~3.2.0",
      "tslint": "~5.7.0",
      "typescript": "~2.4.2"
    }
  }

yarn manifest: 
  No manifest

Lockfile: 
  No lockfile

Trace: 
  SyntaxError: C:\programming\projects\springMavenAngular5\tester\frontend\package.json: Unexpected token / in JSON at position 120
      at JSON.parse (<anonymous>)
      at C:\programming\projects\springMavenAngular5\tester\frontend\node\yarn\dist\lib\cli.js:770:59
      at Generator.next (<anonymous>)
      at step (C:\programming\projects\springMavenAngular5\tester\frontend\node\yarn\dist\lib\cli.js:92:30)
      at C:\programming\projects\springMavenAngular5\tester\frontend\node\yarn\dist\lib\cli.js:103:13
      at <anonymous>
